e:\12_embedded\003_robotic_other\lego_rover_01\visualgdb\debug\basicfunction.o
e:\12_embedded\003_robotic_other\lego_rover_01\visualgdb\debug\comm.o
e:\12_embedded\003_robotic_other\lego_rover_01\visualgdb\debug\fifo.o
e:\12_embedded\003_robotic_other\lego_rover_01\visualgdb\debug\main.o
e:\12_embedded\003_robotic_other\lego_rover_01\visualgdb\debug\motor.o
e:\12_embedded\003_robotic_other\lego_rover_01\visualgdb\debug\pid.o
e:\12_embedded\003_robotic_other\lego_rover_01\visualgdb\debug\startup_stm32f401xc.o
e:\12_embedded\003_robotic_other\lego_rover_01\visualgdb\debug\stm32f4xx_hal.o
e:\12_embedded\003_robotic_other\lego_rover_01\visualgdb\debug\stm32f4xx_hal_cortex.o
e:\12_embedded\003_robotic_other\lego_rover_01\visualgdb\debug\stm32f4xx_hal_dma.o
e:\12_embedded\003_robotic_other\lego_rover_01\visualgdb\debug\stm32f4xx_hal_dma_ex.o
e:\12_embedded\003_robotic_other\lego_rover_01\visualgdb\debug\stm32f4xx_hal_exti.o
e:\12_embedded\003_robotic_other\lego_rover_01\visualgdb\debug\stm32f4xx_hal_flash.o
e:\12_embedded\003_robotic_other\lego_rover_01\visualgdb\debug\stm32f4xx_hal_flash_ex.o
e:\12_embedded\003_robotic_other\lego_rover_01\visualgdb\debug\stm32f4xx_hal_flash_ramfunc.o
e:\12_embedded\003_robotic_other\lego_rover_01\visualgdb\debug\stm32f4xx_hal_gpio.o
e:\12_embedded\003_robotic_other\lego_rover_01\visualgdb\debug\stm32f4xx_hal_i2c.o
e:\12_embedded\003_robotic_other\lego_rover_01\visualgdb\debug\stm32f4xx_hal_i2c_ex.o
e:\12_embedded\003_robotic_other\lego_rover_01\visualgdb\debug\stm32f4xx_hal_msp.o
e:\12_embedded\003_robotic_other\lego_rover_01\visualgdb\debug\stm32f4xx_hal_pwr.o
e:\12_embedded\003_robotic_other\lego_rover_01\visualgdb\debug\stm32f4xx_hal_pwr_ex.o
e:\12_embedded\003_robotic_other\lego_rover_01\visualgdb\debug\stm32f4xx_hal_rcc.o
e:\12_embedded\003_robotic_other\lego_rover_01\visualgdb\debug\stm32f4xx_hal_rcc_ex.o
e:\12_embedded\003_robotic_other\lego_rover_01\visualgdb\debug\stm32f4xx_hal_spi.o
e:\12_embedded\003_robotic_other\lego_rover_01\visualgdb\debug\stm32f4xx_hal_tim.o
e:\12_embedded\003_robotic_other\lego_rover_01\visualgdb\debug\stm32f4xx_hal_tim_ex.o
e:\12_embedded\003_robotic_other\lego_rover_01\visualgdb\debug\stm32f4xx_hal_uart.o
e:\12_embedded\003_robotic_other\lego_rover_01\visualgdb\debug\stm32f4xx_it.o
e:\12_embedded\003_robotic_other\lego_rover_01\visualgdb\debug\system_stm32f4xx.o
e:\12_embedded\003_robotic_other\lego_rover_01\visualgdb\debug\basicfunction.dep
e:\12_embedded\003_robotic_other\lego_rover_01\visualgdb\debug\comm.dep
e:\12_embedded\003_robotic_other\lego_rover_01\visualgdb\debug\fifo.dep
e:\12_embedded\003_robotic_other\lego_rover_01\visualgdb\debug\main.dep
e:\12_embedded\003_robotic_other\lego_rover_01\visualgdb\debug\motor.dep
e:\12_embedded\003_robotic_other\lego_rover_01\visualgdb\debug\pid.dep
e:\12_embedded\003_robotic_other\lego_rover_01\visualgdb\debug\startup_stm32f401xc.dep
e:\12_embedded\003_robotic_other\lego_rover_01\visualgdb\debug\stm32f4xx_hal.dep
e:\12_embedded\003_robotic_other\lego_rover_01\visualgdb\debug\stm32f4xx_hal_cortex.dep
e:\12_embedded\003_robotic_other\lego_rover_01\visualgdb\debug\stm32f4xx_hal_dma.dep
e:\12_embedded\003_robotic_other\lego_rover_01\visualgdb\debug\stm32f4xx_hal_dma_ex.dep
e:\12_embedded\003_robotic_other\lego_rover_01\visualgdb\debug\stm32f4xx_hal_exti.dep
e:\12_embedded\003_robotic_other\lego_rover_01\visualgdb\debug\stm32f4xx_hal_flash.dep
e:\12_embedded\003_robotic_other\lego_rover_01\visualgdb\debug\stm32f4xx_hal_flash_ex.dep
e:\12_embedded\003_robotic_other\lego_rover_01\visualgdb\debug\stm32f4xx_hal_flash_ramfunc.dep
e:\12_embedded\003_robotic_other\lego_rover_01\visualgdb\debug\stm32f4xx_hal_gpio.dep
e:\12_embedded\003_robotic_other\lego_rover_01\visualgdb\debug\stm32f4xx_hal_i2c.dep
e:\12_embedded\003_robotic_other\lego_rover_01\visualgdb\debug\stm32f4xx_hal_i2c_ex.dep
e:\12_embedded\003_robotic_other\lego_rover_01\visualgdb\debug\stm32f4xx_hal_msp.dep
e:\12_embedded\003_robotic_other\lego_rover_01\visualgdb\debug\stm32f4xx_hal_pwr.dep
e:\12_embedded\003_robotic_other\lego_rover_01\visualgdb\debug\stm32f4xx_hal_pwr_ex.dep
e:\12_embedded\003_robotic_other\lego_rover_01\visualgdb\debug\stm32f4xx_hal_rcc.dep
e:\12_embedded\003_robotic_other\lego_rover_01\visualgdb\debug\stm32f4xx_hal_rcc_ex.dep
e:\12_embedded\003_robotic_other\lego_rover_01\visualgdb\debug\stm32f4xx_hal_spi.dep
e:\12_embedded\003_robotic_other\lego_rover_01\visualgdb\debug\stm32f4xx_hal_tim.dep
e:\12_embedded\003_robotic_other\lego_rover_01\visualgdb\debug\stm32f4xx_hal_tim_ex.dep
e:\12_embedded\003_robotic_other\lego_rover_01\visualgdb\debug\stm32f4xx_hal_uart.dep
e:\12_embedded\003_robotic_other\lego_rover_01\visualgdb\debug\stm32f4xx_it.dep
e:\12_embedded\003_robotic_other\lego_rover_01\visualgdb\debug\system_stm32f4xx.dep
e:\12_embedded\003_robotic_other\lego_rover_01\visualgdb\debug\lego_rover_01.link.rsp
e:\12_embedded\003_robotic_other\lego_rover_01\visualgdb\debug\lego_rover_01.bin
e:\12_embedded\003_robotic_other\lego_rover_01\visualgdb\debug\lego_rover_01.alldeps
e:\12_embedded\003_robotic_other\lego_rover_01\visualgdb\debug\lego_rover_01
e:\12_embedded\003_robotic_other\lego_rover_01\visualgdb\debug\basicfunction.gcc.rsp
e:\12_embedded\003_robotic_other\lego_rover_01\visualgdb\debug\comm.gcc.rsp
e:\12_embedded\003_robotic_other\lego_rover_01\visualgdb\debug\fifo.gcc.rsp
e:\12_embedded\003_robotic_other\lego_rover_01\visualgdb\debug\lego_rover_01.mkbin.rsp
e:\12_embedded\003_robotic_other\lego_rover_01\visualgdb\debug\main.gcc.rsp
e:\12_embedded\003_robotic_other\lego_rover_01\visualgdb\debug\motor.gcc.rsp
e:\12_embedded\003_robotic_other\lego_rover_01\visualgdb\debug\pid.gcc.rsp
e:\12_embedded\003_robotic_other\lego_rover_01\visualgdb\debug\startup_stm32f401xc.gcc.rsp
e:\12_embedded\003_robotic_other\lego_rover_01\visualgdb\debug\stm32f4xx_hal.gcc.rsp
e:\12_embedded\003_robotic_other\lego_rover_01\visualgdb\debug\stm32f4xx_hal_cortex.gcc.rsp
e:\12_embedded\003_robotic_other\lego_rover_01\visualgdb\debug\stm32f4xx_hal_dma.gcc.rsp
e:\12_embedded\003_robotic_other\lego_rover_01\visualgdb\debug\stm32f4xx_hal_dma_ex.gcc.rsp
e:\12_embedded\003_robotic_other\lego_rover_01\visualgdb\debug\stm32f4xx_hal_exti.gcc.rsp
e:\12_embedded\003_robotic_other\lego_rover_01\visualgdb\debug\stm32f4xx_hal_flash.gcc.rsp
e:\12_embedded\003_robotic_other\lego_rover_01\visualgdb\debug\stm32f4xx_hal_flash_ex.gcc.rsp
e:\12_embedded\003_robotic_other\lego_rover_01\visualgdb\debug\stm32f4xx_hal_flash_ramfunc.gcc.rsp
e:\12_embedded\003_robotic_other\lego_rover_01\visualgdb\debug\stm32f4xx_hal_gpio.gcc.rsp
e:\12_embedded\003_robotic_other\lego_rover_01\visualgdb\debug\stm32f4xx_hal_i2c.gcc.rsp
e:\12_embedded\003_robotic_other\lego_rover_01\visualgdb\debug\stm32f4xx_hal_i2c_ex.gcc.rsp
e:\12_embedded\003_robotic_other\lego_rover_01\visualgdb\debug\stm32f4xx_hal_msp.gcc.rsp
e:\12_embedded\003_robotic_other\lego_rover_01\visualgdb\debug\stm32f4xx_hal_pwr.gcc.rsp
e:\12_embedded\003_robotic_other\lego_rover_01\visualgdb\debug\stm32f4xx_hal_pwr_ex.gcc.rsp
e:\12_embedded\003_robotic_other\lego_rover_01\visualgdb\debug\stm32f4xx_hal_rcc.gcc.rsp
e:\12_embedded\003_robotic_other\lego_rover_01\visualgdb\debug\stm32f4xx_hal_rcc_ex.gcc.rsp
e:\12_embedded\003_robotic_other\lego_rover_01\visualgdb\debug\stm32f4xx_hal_spi.gcc.rsp
e:\12_embedded\003_robotic_other\lego_rover_01\visualgdb\debug\stm32f4xx_hal_tim.gcc.rsp
e:\12_embedded\003_robotic_other\lego_rover_01\visualgdb\debug\stm32f4xx_hal_tim_ex.gcc.rsp
e:\12_embedded\003_robotic_other\lego_rover_01\visualgdb\debug\stm32f4xx_hal_uart.gcc.rsp
e:\12_embedded\003_robotic_other\lego_rover_01\visualgdb\debug\stm32f4xx_it.gcc.rsp
e:\12_embedded\003_robotic_other\lego_rover_01\visualgdb\debug\system_stm32f4xx.gcc.rsp
